<?xml version="1.0" encoding="UTF-8"?>
<!-- Generated by org.testng.reporters.JUnitReportReporter -->
<testsuite hostname="DESKTOP-9SUVHAK" failures="0" tests="7" name="CreateCustomer" time="0.023" errors="0" timestamp="2023-10-13T14:49:23 IST" skipped="0">
  <testcase classname="CreateCustomer" name="delete" time="0.001">
    <system-out>
      <![CDATA[deleted customer]]>
    </system-out>
  </testcase> <!-- delete -->
  <testcase classname="CreateCustomer" name="create" time="0.014"/>
  <testcase classname="CreateCustomer" name="delete" time="0.002">
    <system-out>
      <![CDATA[deleted customer]]>
    </system-out>
  </testcase> <!-- delete -->
  <testcase classname="CreateCustomer" name="delete" time="0.002">
    <system-out>
      <![CDATA[deleted customer]]>
    </system-out>
  </testcase> <!-- delete -->
  <testcase classname="CreateCustomer" name="modify" time="0.002">
    <system-out>
      <![CDATA[modified customer,true]]>
    </system-out>
  </testcase> <!-- modify -->
  <testcase classname="CreateCustomer" name="delete" time="0.001">
    <system-out>
      <![CDATA[deleted customer]]>
    </system-out>
  </testcase> <!-- delete -->
  <testcase classname="CreateCustomer" name="delete" time="0.001">
    <system-out>
      <![CDATA[deleted customer]]>
    </system-out>
  </testcase> <!-- delete -->
  <system-out>
    <![CDATA[deleted customer
deleted customer
deleted customer
deleted customer
deleted customer
modified customer,true]]>
  </system-out>
</testsuite> <!-- CreateCustomer -->
